<?xml version="1.0" encoding="UTF-8"?>
<!-- Generated by org.testng.reporters.JUnitReportReporter -->
<testsuite name="edu.kheg.GOSIF.GO_Online_SIF" tests="43" time="21.210" ignored="0" failures="0" timestamp="28 Dec 2016 13:58:14 GMT" skipped="42" hostname="Agupta-laptop" errors="1">
  <testcase name="Regular_SIF" time="0.005" classname="edu.kheg.GOSIF.GO_Online_SIF">
    <skipped/>
  </testcase> <!-- Regular_SIF -->
  <testcase name="Regular_SIF" time="0.004" classname="edu.kheg.GOSIF.GO_Online_SIF">
    <skipped/>
  </testcase> <!-- Regular_SIF -->
  <testcase name="Regular_SIF" time="0.005" classname="edu.kheg.GOSIF.GO_Online_SIF">
    <skipped/>
  </testcase> <!-- Regular_SIF -->
  <testcase name="Regular_SIF" time="0.004" classname="edu.kheg.GOSIF.GO_Online_SIF">
    <skipped/>
  </testcase> <!-- Regular_SIF -->
  <testcase name="Regular_SIF" time="0.004" classname="edu.kheg.GOSIF.GO_Online_SIF">
    <skipped/>
  </testcase> <!-- Regular_SIF -->
  <testcase name="Regular_SIF" time="0.006" classname="edu.kheg.GOSIF.GO_Online_SIF">
    <skipped/>
  </testcase> <!-- Regular_SIF -->
  <testcase name="Regular_SIF" time="0.004" classname="edu.kheg.GOSIF.GO_Online_SIF">
    <skipped/>
  </testcase> <!-- Regular_SIF -->
  <testcase name="Regular_SIF" time="0.005" classname="edu.kheg.GOSIF.GO_Online_SIF">
    <skipped/>
  </testcase> <!-- Regular_SIF -->
  <testcase name="Regular_SIF" time="0.004" classname="edu.kheg.GOSIF.GO_Online_SIF">
    <skipped/>
  </testcase> <!-- Regular_SIF -->
  <testcase name="Regular_SIF" time="21.000" classname="edu.kheg.GOSIF.GO_Online_SIF">
    <error type="org.openqa.selenium.WebDriverException" message="Reached error page: about:neterror?e=dnsNotFound&amp;u=http%3A//go.kaplanuniversity.edu/index.aspx%3Fsource%3DKU_Test%26ve%3D60080&amp;c=UTF-8&amp;f=regular&amp;d=Firefox%20can%E2%80%99t%20find%20the%20server%20at%20go.kaplanuniversity.edu.
Build info: version: &#039;3.0.1&#039;, revision: &#039;1969d75&#039;, time: &#039;2016-10-18 09:48:19 -0700&#039;
System info: host: &#039;Agupta-laptop&#039;, ip: &#039;10.163.105.92&#039;, os.name: &#039;Windows 7&#039;, os.arch: &#039;x86&#039;, os.version: &#039;6.1&#039;, java.version: &#039;1.8.0_111&#039;
Driver info: org.openqa.selenium.firefox.FirefoxDriver
Capabilities [{rotatable=false, raisesAccessibilityExceptions=false, marionette=true, firefoxOptions={args=[], prefs={}}, appBuildId=20161208153507, version=, platform=XP, proxy={}, command_id=1, specificationLevel=0, acceptSslCerts=false, processId=964, browserVersion=50.1.0, platformVersion=6.1, XULappId={ec8030f7-c20a-464f-9b0e-13a3a9e97384}, browserName=firefox, takesScreenshot=true, takesElementScreenshot=true, platformName=windows_nt}]
Session ID: a49c0b89-4477-498c-8dba-3e67893ad5fe">
      <![CDATA[org.openqa.selenium.WebDriverException: Reached error page: about:neterror?e=dnsNotFound&u=http%3A//go.kaplanuniversity.edu/index.aspx%3Fsource%3DKU_Test%26ve%3D60080&c=UTF-8&f=regular&d=Firefox%20can%E2%80%99t%20find%20the%20server%20at%20go.kaplanuniversity.edu.
Build info: version: '3.0.1', revision: '1969d75', time: '2016-10-18 09:48:19 -0700'
System info: host: 'Agupta-laptop', ip: '10.163.105.92', os.name: 'Windows 7', os.arch: 'x86', os.version: '6.1', java.version: '1.8.0_111'
Driver info: org.openqa.selenium.firefox.FirefoxDriver
Capabilities [{rotatable=false, raisesAccessibilityExceptions=false, marionette=true, firefoxOptions={args=[], prefs={}}, appBuildId=20161208153507, version=, platform=XP, proxy={}, command_id=1, specificationLevel=0, acceptSslCerts=false, processId=964, browserVersion=50.1.0, platformVersion=6.1, XULappId={ec8030f7-c20a-464f-9b0e-13a3a9e97384}, browserName=firefox, takesScreenshot=true, takesElementScreenshot=true, platformName=windows_nt}]
Session ID: a49c0b89-4477-498c-8dba-3e67893ad5fe
	at sun.reflect.NativeConstructorAccessorImpl.newInstance0(Native Method)
	at sun.reflect.NativeConstructorAccessorImpl.newInstance(Unknown Source)
	at sun.reflect.DelegatingConstructorAccessorImpl.newInstance(Unknown Source)
	at java.lang.reflect.Constructor.newInstance(Unknown Source)
	at org.openqa.selenium.remote.http.W3CHttpResponseCodec.createException(W3CHttpResponseCodec.java:127)
	at org.openqa.selenium.remote.http.W3CHttpResponseCodec.decode(W3CHttpResponseCodec.java:93)
	at org.openqa.selenium.remote.http.W3CHttpResponseCodec.decode(W3CHttpResponseCodec.java:42)
	at org.openqa.selenium.remote.HttpCommandExecutor.execute(HttpCommandExecutor.java:163)
	at org.openqa.selenium.remote.service.DriverCommandExecutor.execute(DriverCommandExecutor.java:82)
	at org.openqa.selenium.remote.RemoteWebDriver.execute(RemoteWebDriver.java:601)
	at org.openqa.selenium.remote.RemoteWebDriver.get(RemoteWebDriver.java:322)
	at edu.kheg.GOSIF.GO_Online_SIF.Regular_SIF(GO_Online_SIF.java:91)
	at sun.reflect.NativeMethodAccessorImpl.invoke0(Native Method)
	at sun.reflect.NativeMethodAccessorImpl.invoke(Unknown Source)
	at sun.reflect.DelegatingMethodAccessorImpl.invoke(Unknown Source)
	at java.lang.reflect.Method.invoke(Unknown Source)
	at org.testng.internal.MethodInvocationHelper.invokeMethod(MethodInvocationHelper.java:104)
	at org.testng.internal.Invoker.invokeMethod(Invoker.java:645)
	at org.testng.internal.Invoker.invokeTestMethod(Invoker.java:851)
	at org.testng.internal.Invoker.invokeTestMethods(Invoker.java:1177)
	at org.testng.internal.TestMethodWorker.invokeTestMethods(TestMethodWorker.java:129)
	at org.testng.internal.TestMethodWorker.run(TestMethodWorker.java:112)
	at org.testng.TestRunner.privateRun(TestRunner.java:756)
	at org.testng.TestRunner.run(TestRunner.java:610)
	at org.testng.SuiteRunner.runTest(SuiteRunner.java:387)
	at org.testng.SuiteRunner.runSequentially(SuiteRunner.java:382)
	at org.testng.SuiteRunner.privateRun(SuiteRunner.java:340)
	at org.testng.SuiteRunner.run(SuiteRunner.java:289)
	at org.testng.SuiteRunnerWorker.runSuite(SuiteRunnerWorker.java:52)
	at org.testng.SuiteRunnerWorker.run(SuiteRunnerWorker.java:86)
	at org.testng.TestNG.runSuitesSequentially(TestNG.java:1293)
	at org.testng.TestNG.runSuitesSequentially(TestNG.java:1289)
	at org.testng.TestNG.runSuitesLocally(TestNG.java:1218)
	at org.testng.TestNG.runSuites(TestNG.java:1133)
	at org.testng.TestNG.run(TestNG.java:1104)
	at org.testng.remote.AbstractRemoteTestNG.run(AbstractRemoteTestNG.java:132)
	at org.testng.remote.RemoteTestNG.initAndRun(RemoteTestNG.java:236)
	at org.testng.remote.RemoteTestNG.main(RemoteTestNG.java:81)
]]>
    </error>
  </testcase> <!-- Regular_SIF -->
  <testcase name="Regular_SIF" time="0.004" classname="edu.kheg.GOSIF.GO_Online_SIF">
    <skipped/>
  </testcase> <!-- Regular_SIF -->
  <testcase name="Regular_SIF" time="0.004" classname="edu.kheg.GOSIF.GO_Online_SIF">
    <skipped/>
  </testcase> <!-- Regular_SIF -->
  <testcase name="Regular_SIF" time="0.005" classname="edu.kheg.GOSIF.GO_Online_SIF">
    <skipped/>
  </testcase> <!-- Regular_SIF -->
  <testcase name="Regular_SIF" time="0.004" classname="edu.kheg.GOSIF.GO_Online_SIF">
    <skipped/>
  </testcase> <!-- Regular_SIF -->
  <testcase name="Regular_SIF" time="0.005" classname="edu.kheg.GOSIF.GO_Online_SIF">
    <skipped/>
  </testcase> <!-- Regular_SIF -->
  <testcase name="Regular_SIF" time="0.003" classname="edu.kheg.GOSIF.GO_Online_SIF">
    <skipped/>
  </testcase> <!-- Regular_SIF -->
  <testcase name="Regular_SIF" time="0.007" classname="edu.kheg.GOSIF.GO_Online_SIF">
    <skipped/>
  </testcase> <!-- Regular_SIF -->
  <testcase name="Regular_SIF" time="0.005" classname="edu.kheg.GOSIF.GO_Online_SIF">
    <skipped/>
  </testcase> <!-- Regular_SIF -->
  <testcase name="Regular_SIF" time="0.005" classname="edu.kheg.GOSIF.GO_Online_SIF">
    <skipped/>
  </testcase> <!-- Regular_SIF -->
  <testcase name="Regular_SIF" time="0.003" classname="edu.kheg.GOSIF.GO_Online_SIF">
    <skipped/>
  </testcase> <!-- Regular_SIF -->
  <testcase name="Regular_SIF" time="0.005" classname="edu.kheg.GOSIF.GO_Online_SIF">
    <skipped/>
  </testcase> <!-- Regular_SIF -->
  <testcase name="Regular_SIF" time="0.005" classname="edu.kheg.GOSIF.GO_Online_SIF">
    <skipped/>
  </testcase> <!-- Regular_SIF -->
  <testcase name="Regular_SIF" time="0.005" classname="edu.kheg.GOSIF.GO_Online_SIF">
    <skipped/>
  </testcase> <!-- Regular_SIF -->
  <testcase name="Regular_SIF" time="0.004" classname="edu.kheg.GOSIF.GO_Online_SIF">
    <skipped/>
  </testcase> <!-- Regular_SIF -->
  <testcase name="Regular_SIF" time="0.005" classname="edu.kheg.GOSIF.GO_Online_SIF">
    <skipped/>
  </testcase> <!-- Regular_SIF -->
  <testcase name="Regular_SIF" time="0.005" classname="edu.kheg.GOSIF.GO_Online_SIF">
    <skipped/>
  </testcase> <!-- Regular_SIF -->
  <testcase name="Regular_SIF" time="0.005" classname="edu.kheg.GOSIF.GO_Online_SIF">
    <skipped/>
  </testcase> <!-- Regular_SIF -->
  <testcase name="Regular_SIF" time="0.006" classname="edu.kheg.GOSIF.GO_Online_SIF">
    <skipped/>
  </testcase> <!-- Regular_SIF -->
  <testcase name="Regular_SIF" time="0.008" classname="edu.kheg.GOSIF.GO_Online_SIF">
    <skipped/>
  </testcase> <!-- Regular_SIF -->
  <testcase name="Regular_SIF" time="0.006" classname="edu.kheg.GOSIF.GO_Online_SIF">
    <skipped/>
  </testcase> <!-- Regular_SIF -->
  <testcase name="Regular_SIF" time="0.006" classname="edu.kheg.GOSIF.GO_Online_SIF">
    <skipped/>
  </testcase> <!-- Regular_SIF -->
  <testcase name="Regular_SIF" time="0.004" classname="edu.kheg.GOSIF.GO_Online_SIF">
    <skipped/>
  </testcase> <!-- Regular_SIF -->
  <testcase name="Regular_SIF" time="0.006" classname="edu.kheg.GOSIF.GO_Online_SIF">
    <skipped/>
  </testcase> <!-- Regular_SIF -->
  <testcase name="Regular_SIF" time="0.005" classname="edu.kheg.GOSIF.GO_Online_SIF">
    <skipped/>
  </testcase> <!-- Regular_SIF -->
  <testcase name="Regular_SIF" time="0.005" classname="edu.kheg.GOSIF.GO_Online_SIF">
    <skipped/>
  </testcase> <!-- Regular_SIF -->
  <testcase name="Regular_SIF" time="0.008" classname="edu.kheg.GOSIF.GO_Online_SIF">
    <skipped/>
  </testcase> <!-- Regular_SIF -->
  <testcase name="Regular_SIF" time="0.005" classname="edu.kheg.GOSIF.GO_Online_SIF">
    <skipped/>
  </testcase> <!-- Regular_SIF -->
  <testcase name="Regular_SIF" time="0.007" classname="edu.kheg.GOSIF.GO_Online_SIF">
    <skipped/>
  </testcase> <!-- Regular_SIF -->
  <testcase name="Regular_SIF" time="0.005" classname="edu.kheg.GOSIF.GO_Online_SIF">
    <skipped/>
  </testcase> <!-- Regular_SIF -->
  <testcase name="Regular_SIF" time="0.004" classname="edu.kheg.GOSIF.GO_Online_SIF">
    <skipped/>
  </testcase> <!-- Regular_SIF -->
  <testcase name="Regular_SIF" time="0.005" classname="edu.kheg.GOSIF.GO_Online_SIF">
    <skipped/>
  </testcase> <!-- Regular_SIF -->
  <testcase name="Regular_SIF" time="0.006" classname="edu.kheg.GOSIF.GO_Online_SIF">
    <skipped/>
  </testcase> <!-- Regular_SIF -->
  <testcase name="Regular_SIF" time="0.004" classname="edu.kheg.GOSIF.GO_Online_SIF">
    <skipped/>
  </testcase> <!-- Regular_SIF -->
</testsuite> <!-- edu.kheg.GOSIF.GO_Online_SIF -->
